Build started 1/11/2014 11:34:06 AM.
     1>Project "C:\Users\Ben\documents\visual studio 2012\Projects\RayTracer\RayTracer\RayTracer.vcxproj" on node 2 (Build target(s)).
     1>ClCompile:
         C:\Program Files (x86)\Microsoft Visual Studio 11.0\VC\bin\CL.exe /c /I"C:\Users\Ben\documents\visual studio 2012\Projects\RayTracer\RayTracer\/glm-0.9.2.7" /ZI /nologo /W3 /WX- /sdl /Od /Oy- /D _MBCS /Gm /EHsc /RTC1 /MDd /GS /fp:precise /Zc:wchar_t /Zc:forScope /Fo"Debug\\" /Fd"Debug\vc110.pdb" /Gd /TP /analyze- /errorReport:prompt main.cpp
         main.cpp
     1>c:\users\ben\documents\visual studio 2012\projects\raytracer\raytracer\transform.h(18): warning C4305: 'initializing' : truncation from 'double' to 'const float'
     1>c:\users\ben\documents\visual studio 2012\projects\raytracer\raytracer\main.cpp(122): warning C4244: 'initializing' : conversion from 'int' to 'float', possible loss of data
     1>c:\users\ben\documents\visual studio 2012\projects\raytracer\raytracer\main.cpp(123): warning C4244: 'initializing' : conversion from 'int' to 'float', possible loss of data
     1>c:\users\ben\documents\visual studio 2012\projects\raytracer\raytracer\main.cpp(124): warning C4244: 'initializing' : conversion from 'double' to 'float', possible loss of data
     1>c:\users\ben\documents\visual studio 2012\projects\raytracer\raytracer\main.cpp(137): error C3861: 'setColor': identifier not found
     1>c:\users\ben\documents\visual studio 2012\projects\raytracer\raytracer\main.cpp(138): error C3861: 'setColor': identifier not found
     1>c:\users\ben\documents\visual studio 2012\projects\raytracer\raytracer\main.cpp(139): error C3861: 'setColor': identifier not found
     1>c:\users\ben\documents\visual studio 2012\projects\raytracer\raytracer\main.cpp(140): error C3861: 'setColor': identifier not found
     1>c:\users\ben\documents\visual studio 2012\projects\raytracer\raytracer\main.cpp(143): warning C4244: '=' : conversion from 'double' to 'BYTE', possible loss of data
     1>c:\users\ben\documents\visual studio 2012\projects\raytracer\raytracer\main.cpp(144): warning C4244: '=' : conversion from 'double' to 'BYTE', possible loss of data
     1>c:\users\ben\documents\visual studio 2012\projects\raytracer\raytracer\main.cpp(145): warning C4244: '=' : conversion from 'double' to 'BYTE', possible loss of data
     1>c:\users\ben\documents\visual studio 2012\projects\raytracer\raytracer\main.cpp(202): warning C4305: 'argument' : truncation from 'double' to 'const float'
     1>c:\users\ben\documents\visual studio 2012\projects\raytracer\raytracer\main.cpp(221): warning C4244: 'initializing' : conversion from 'double' to 'float', possible loss of data
     1>Done Building Project "C:\Users\Ben\documents\visual studio 2012\Projects\RayTracer\RayTracer\RayTracer.vcxproj" (Build target(s)) -- FAILED.

Build FAILED.

Time Elapsed 00:00:03.71
