C:\USERS\BEN\DOCUMENTS\VISUAL STUDIO 2012\PROJECTS\HW3\HW3\DEBUG\HW3.PCH
C:\USERS\BEN\DOCUMENTS\VISUAL STUDIO 2012\PROJECTS\HW3\HW3\DEBUG\STDAFX.OBJ
C:\USERS\BEN\DOCUMENTS\VISUAL STUDIO 2012\PROJECTS\HW3\HW3\DEBUG\VC110.PDB
C:\USERS\BEN\DOCUMENTS\VISUAL STUDIO 2012\PROJECTS\HW3\HW3\DEBUG\HW3.OBJ
C:\USERS\BEN\DOCUMENTS\VISUAL STUDIO 2012\PROJECTS\HW3\DEBUG\HW3.ILK
C:\USERS\BEN\DOCUMENTS\VISUAL STUDIO 2012\PROJECTS\HW3\DEBUG\HW3.EXE
C:\USERS\BEN\DOCUMENTS\VISUAL STUDIO 2012\PROJECTS\HW3\DEBUG\HW3.PDB
C:\Users\Ben\Documents\Visual Studio 2012\Projects\hw3\hw3\Debug\stdafx.obj
C:\Users\Ben\Documents\Visual Studio 2012\Projects\hw3\hw3\Debug\cl.command.1.tlog
C:\Users\Ben\Documents\Visual Studio 2012\Projects\hw3\hw3\Debug\CL.read.1.tlog
C:\Users\Ben\Documents\Visual Studio 2012\Projects\hw3\hw3\Debug\CL.write.1.tlog
C:\Users\Ben\Documents\Visual Studio 2012\Projects\hw3\hw3\Debug\link-cvtres.read.1.tlog
C:\Users\Ben\Documents\Visual Studio 2012\Projects\hw3\hw3\Debug\link-cvtres.write.1.tlog
C:\Users\Ben\Documents\Visual Studio 2012\Projects\hw3\hw3\Debug\link-rc.read.1.tlog
C:\Users\Ben\Documents\Visual Studio 2012\Projects\hw3\hw3\Debug\link-rc.write.1.tlog
C:\Users\Ben\Documents\Visual Studio 2012\Projects\hw3\hw3\Debug\link.2972.read.1.tlog
C:\Users\Ben\Documents\Visual Studio 2012\Projects\hw3\hw3\Debug\link.2972.write.1.tlog
C:\Users\Ben\Documents\Visual Studio 2012\Projects\hw3\hw3\Debug\link.6116-cvtres.read.1.tlog
C:\Users\Ben\Documents\Visual Studio 2012\Projects\hw3\hw3\Debug\link.6116-cvtres.write.1.tlog
C:\Users\Ben\Documents\Visual Studio 2012\Projects\hw3\hw3\Debug\link.6116-rc.read.1.tlog
C:\Users\Ben\Documents\Visual Studio 2012\Projects\hw3\hw3\Debug\link.6116-rc.write.1.tlog
C:\Users\Ben\Documents\Visual Studio 2012\Projects\hw3\hw3\Debug\link.6116.read.1.tlog
C:\Users\Ben\Documents\Visual Studio 2012\Projects\hw3\hw3\Debug\link.6116.write.1.tlog
C:\Users\Ben\Documents\Visual Studio 2012\Projects\hw3\hw3\Debug\link.command.1.tlog
C:\Users\Ben\Documents\Visual Studio 2012\Projects\hw3\hw3\Debug\link.read.1.tlog
C:\Users\Ben\Documents\Visual Studio 2012\Projects\hw3\hw3\Debug\link.write.1.tlog
C:\Users\Ben\Documents\Visual Studio 2012\Projects\hw3\hw3\Debug\hw3.pch
C:\Users\Ben\Documents\Visual Studio 2012\Projects\hw3\hw3\Debug\vc110.idb
C:\Users\Ben\Documents\Visual Studio 2012\Projects\hw3\hw3\Debug\vc110.pdb
C:\Users\Ben\Documents\Visual Studio 2012\Projects\hw3\Debug\hw3.pdb
C:\Users\Ben\Documents\Visual Studio 2012\Projects\hw3\Debug\hw3.exe
C:\Users\Ben\Documents\Visual Studio 2012\Projects\hw3\Debug\hw3.ilk
