Build started 2/8/2014 11:41:02 AM.
     1>Project "C:\Users\Ben\documents\visual studio 2012\Projects\FractalPerlinNoise\FractalPerlinNoise\FractalPerlinNoise.vcxproj" on node 2 (Build target(s)).
     1>ClCompile:
         C:\Program Files (x86)\Microsoft Visual Studio 11.0\VC\bin\CL.exe /c /I"C:\Users\Ben\documents\visual studio 2012\Projects\FractalPerlinNoise\FractalPerlinNoise\/include" /Zi /nologo /W3 /WX- /sdl /O2 /Oi /Oy- /GL /D WIN32 /D NDEBUG /D _CONSOLE /D SFML_STATIC /D GLEW_STATIC /D _MBCS /D _UNICODE /D UNICODE /Gm- /EHsc /MD /GS /Gy /fp:precise /Zc:wchar_t /Zc:forScope /Fo"Release\\" /Fd"Release\vc110.pdb" /Gd /TP /analyze- /errorReport:prompt FractalPerlinNoise.cpp
         FractalPerlinNoise.cpp
     1>FractalPerlinNoise.cpp(37): warning C4244: '=' : conversion from 'int' to 'float', possible loss of data
     1>FractalPerlinNoise.cpp(38): warning C4244: '=' : conversion from 'int' to 'float', possible loss of data
     1>FractalPerlinNoise.cpp(39): warning C4244: '=' : conversion from 'int' to 'float', possible loss of data
     1>FractalPerlinNoise.cpp(40): warning C4244: '=' : conversion from 'int' to 'float', possible loss of data
     1>FractalPerlinNoise.cpp(41): warning C4244: '=' : conversion from 'int' to 'float', possible loss of data
     1>FractalPerlinNoise.cpp(42): warning C4244: '=' : conversion from 'int' to 'float', possible loss of data
     1>FractalPerlinNoise.cpp(43): warning C4244: '=' : conversion from 'int' to 'float', possible loss of data
     1>FractalPerlinNoise.cpp(44): warning C4244: '=' : conversion from 'int' to 'float', possible loss of data
     1>FractalPerlinNoise.cpp(58): warning C4244: '=' : conversion from 'double' to 'float', possible loss of data
     1>FractalPerlinNoise.cpp(59): warning C4244: '=' : conversion from 'double' to 'float', possible loss of data
     1>FractalPerlinNoise.cpp(60): warning C4244: '=' : conversion from 'double' to 'float', possible loss of data
     1>FractalPerlinNoise.cpp(61): warning C4244: '=' : conversion from 'double' to 'float', possible loss of data
     1>FractalPerlinNoise.cpp(73): warning C4018: '<' : signed/unsigned mismatch
     1>FractalPerlinNoise.cpp(74): warning C4018: '<' : signed/unsigned mismatch
     1>FractalPerlinNoise.cpp(93): warning C4244: 'argument' : conversion from 'int' to 'float', possible loss of data
     1>FractalPerlinNoise.cpp(112): warning C4244: 'argument' : conversion from 'time_t' to 'unsigned int', possible loss of data
     1>FractalPerlinNoise.cpp(124): warning C4244: 'argument' : conversion from 'float' to 'size_t', possible loss of data
     1>FractalPerlinNoise.cpp(125): warning C4244: 'argument' : conversion from 'float' to 'size_t', possible loss of data
     1>FractalPerlinNoise.cpp(162): warning C4244: 'argument' : conversion from 'int' to 'float', possible loss of data
     1>FractalPerlinNoise.cpp(163): warning C4244: 'argument' : conversion from 'double' to 'sf::Uint8', possible loss of data
       Link:
         C:\Program Files (x86)\Microsoft Visual Studio 11.0\VC\bin\link.exe /ERRORREPORT:PROMPT /OUT:"C:\Users\Ben\documents\visual studio 2012\Projects\FractalPerlinNoise\Release\FractalPerlinNoise.exe" /INCREMENTAL:NO /NOLOGO /LIBPATH:"C:\Users\Ben\documents\visual studio 2012\Projects\FractalPerlinNoise\FractalPerlinNoise\/lib" glu32.lib FreeImage.lib "sfml-system-s.lib" "sfml-window-s.lib" "sfml-graphics-s.lib" kernel32.lib user32.lib gdi32.lib winspool.lib comdlg32.lib advapi32.lib shell32.lib ole32.lib oleaut32.lib uuid.lib odbc32.lib odbccp32.lib kernel32.lib user32.lib gdi32.lib winspool.lib comdlg32.lib advapi32.lib shell32.lib ole32.lib oleaut32.lib uuid.lib odbc32.lib odbccp32.lib /MANIFEST /MANIFESTUAC:"level='asInvoker' uiAccess='false'" /manifest:embed /DEBUG /PDB:"C:\Users\Ben\documents\visual studio 2012\Projects\FractalPerlinNoise\Release\FractalPerlinNoise.pdb" /SUBSYSTEM:CONSOLE /OPT:REF /OPT:ICF /LTCG /TLBID:1 /DYNAMICBASE /NXCOMPAT /IMPLIB:"C:\Users\Ben\documents\visual studio 2012\Projects\FractalPerlinNoise\Release\FractalPerlinNoise.lib" /MACHINE:X86 /SAFESEH Release\FractalPerlinNoise.obj
         Release\stdafx.obj
         Generating code
         Finished generating code
         FractalPerlinNoise.vcxproj -> C:\Users\Ben\documents\visual studio 2012\Projects\FractalPerlinNoise\Release\FractalPerlinNoise.exe
     1>Done Building Project "C:\Users\Ben\documents\visual studio 2012\Projects\FractalPerlinNoise\FractalPerlinNoise\FractalPerlinNoise.vcxproj" (Build target(s)).

Build succeeded.

Time Elapsed 00:00:02.62
