Build started 2/6/2014 6:58:42 PM.
     1>Project "C:\Users\Ben\Documents\Visual Studio 2012\Projects\PerlinNoise\PerlinNoise\PerlinNoise.vcxproj" on node 2 (Build target(s)).
     1>ClCompile:
         C:\Program Files (x86)\Microsoft Visual Studio 11.0\VC\bin\CL.exe /c /I"C:\Users\Ben\Documents\Visual Studio 2012\Projects\PerlinNoise\PerlinNoise\/include" /Zi /nologo /W3 /WX- /sdl /O2 /Oi /Oy- /GL /D WIN32 /D NDEBUG /D _CONSOLE /D SFML_STATIC /D GLEW_STATIC /D _MBCS /D _UNICODE /D UNICODE /Gm- /EHsc /MD /GS /Gy /fp:precise /Zc:wchar_t /Zc:forScope /Fo"Release\\" /Fd"Release\vc110.pdb" /Gd /TP /analyze- /errorReport:prompt PerlinNoise.cpp
         PerlinNoise.cpp
     1>PerlinNoise.cpp(28): warning C4244: 'argument' : conversion from 'time_t' to 'unsigned int', possible loss of data
     1>PerlinNoise.cpp(49): warning C4244: 'argument' : conversion from 'int' to 'float', possible loss of data
     1>PerlinNoise.cpp(54): warning C4244: 'argument' : conversion from 'int' to 'float', possible loss of data
     1>PerlinNoise.cpp(55): warning C4244: 'argument' : conversion from 'double' to 'sf::Uint8', possible loss of data
     1>PerlinNoise.cpp(78): warning C4244: '=' : conversion from 'int' to 'float', possible loss of data
     1>PerlinNoise.cpp(79): warning C4244: '=' : conversion from 'int' to 'float', possible loss of data
     1>PerlinNoise.cpp(80): warning C4244: '=' : conversion from 'int' to 'float', possible loss of data
     1>PerlinNoise.cpp(81): warning C4244: '=' : conversion from 'int' to 'float', possible loss of data
     1>PerlinNoise.cpp(82): warning C4244: '=' : conversion from 'int' to 'float', possible loss of data
     1>PerlinNoise.cpp(83): warning C4244: '=' : conversion from 'int' to 'float', possible loss of data
     1>PerlinNoise.cpp(84): warning C4244: '=' : conversion from 'int' to 'float', possible loss of data
     1>PerlinNoise.cpp(85): warning C4244: '=' : conversion from 'int' to 'float', possible loss of data
     1>PerlinNoise.cpp(99): warning C4244: '=' : conversion from 'double' to 'float', possible loss of data
     1>PerlinNoise.cpp(100): warning C4244: '=' : conversion from 'double' to 'float', possible loss of data
     1>PerlinNoise.cpp(101): warning C4244: '=' : conversion from 'double' to 'float', possible loss of data
     1>PerlinNoise.cpp(102): warning C4244: '=' : conversion from 'double' to 'float', possible loss of data
       Link:
         C:\Program Files (x86)\Microsoft Visual Studio 11.0\VC\bin\link.exe /ERRORREPORT:PROMPT /OUT:"C:\Users\Ben\Documents\Visual Studio 2012\Projects\PerlinNoise\Release\PerlinNoise.exe" /INCREMENTAL:NO /NOLOGO /LIBPATH:"C:\Users\Ben\Documents\Visual Studio 2012\Projects\PerlinNoise\PerlinNoise\/lib" glu32.lib FreeImage.lib "sfml-system-s.lib" "sfml-window-s.lib" "sfml-graphics-s.lib" kernel32.lib user32.lib gdi32.lib winspool.lib comdlg32.lib advapi32.lib shell32.lib ole32.lib oleaut32.lib uuid.lib odbc32.lib odbccp32.lib kernel32.lib user32.lib gdi32.lib winspool.lib comdlg32.lib advapi32.lib shell32.lib ole32.lib oleaut32.lib uuid.lib odbc32.lib odbccp32.lib /MANIFEST /MANIFESTUAC:"level='asInvoker' uiAccess='false'" /manifest:embed /DEBUG /PDB:"C:\Users\Ben\Documents\Visual Studio 2012\Projects\PerlinNoise\Release\PerlinNoise.pdb" /SUBSYSTEM:CONSOLE /OPT:REF /OPT:ICF /LTCG /TLBID:1 /DYNAMICBASE /NXCOMPAT /IMPLIB:"C:\Users\Ben\Documents\Visual Studio 2012\Projects\PerlinNoise\Release\PerlinNoise.lib" /MACHINE:X86 /SAFESEH Release\PerlinNoise.obj
         Release\stdafx.obj
         Generating code
         Finished generating code
         PerlinNoise.vcxproj -> C:\Users\Ben\Documents\Visual Studio 2012\Projects\PerlinNoise\Release\PerlinNoise.exe
     1>Done Building Project "C:\Users\Ben\Documents\Visual Studio 2012\Projects\PerlinNoise\PerlinNoise\PerlinNoise.vcxproj" (Build target(s)).

Build succeeded.

Time Elapsed 00:00:02.62
